<?xml version="1.0" encoding="UTF-8"?>
<testng-results skipped="0" failed="0" ignored="0" total="0" passed="0">
  <reporter-output>
  </reporter-output>
  <suite name="Default suite" duration-ms="20" started-at="2020-03-30T18:20:19 CEST" finished-at="2020-03-30T18:20:19 CEST">
    <groups>
    </groups>
    <test name="Default test" duration-ms="20" started-at="2020-03-30T18:20:19 CEST" finished-at="2020-03-30T18:20:19 CEST">
    </test> <!-- Default test -->
  </suite> <!-- Default suite -->
</testng-results>
